<?xml version="1.0" encoding="UTF-8"?>
<!-- Generated by org.testng.reporters.JUnitReportReporter -->
<testsuite skipped="0" hostname="LAPTOP-K3D24C07" name="com.flipkart.testcases.Tc_Login" tests="1" failures="0" timestamp="2022-09-14T20:29:00 IST" time="10.360" errors="0">
  <testcase name="loginTest" time="10.360" classname="com.flipkart.testcases.Tc_Login"/>
  <system-out/>
</testsuite> <!-- com.flipkart.testcases.Tc_Login -->
